{"/home/kirill/web-projects/frontend-project-lvl2/index.js": {"path":"/home/kirill/web-projects/frontend-project-lvl2/index.js","all":false,"statementMap":{"0":{"start":{"line":1,"column":0},"end":{"line":1,"column":20}},"1":{"start":{"line":2,"column":0},"end":{"line":2,"column":24}},"2":{"start":{"line":3,"column":0},"end":{"line":3,"column":23}},"3":{"start":{"line":4,"column":0},"end":{"line":4,"column":0}},"4":{"start":{"line":5,"column":0},"end":{"line":5,"column":42}},"5":{"start":{"line":6,"column":0},"end":{"line":6,"column":6}},"6":{"start":{"line":7,"column":0},"end":{"line":7,"column":39}},"7":{"start":{"line":8,"column":0},"end":{"line":8,"column":42}},"8":{"start":{"line":9,"column":0},"end":{"line":9,"column":5}},"9":{"start":{"line":10,"column":0},"end":{"line":10,"column":38}},"10":{"start":{"line":11,"column":0},"end":{"line":11,"column":3}},"11":{"start":{"line":12,"column":0},"end":{"line":12,"column":20}},"12":{"start":{"line":13,"column":0},"end":{"line":13,"column":41}},"13":{"start":{"line":14,"column":0},"end":{"line":14,"column":69}},"14":{"start":{"line":15,"column":0},"end":{"line":15,"column":69}},"15":{"start":{"line":16,"column":0},"end":{"line":16,"column":50}},"16":{"start":{"line":17,"column":0},"end":{"line":17,"column":50}},"17":{"start":{"line":18,"column":0},"end":{"line":18,"column":33}},"18":{"start":{"line":19,"column":0},"end":{"line":19,"column":33}},"19":{"start":{"line":20,"column":0},"end":{"line":20,"column":29}},"20":{"start":{"line":21,"column":0},"end":{"line":21,"column":29}},"21":{"start":{"line":22,"column":0},"end":{"line":22,"column":37}},"22":{"start":{"line":23,"column":0},"end":{"line":23,"column":35}},"23":{"start":{"line":24,"column":0},"end":{"line":24,"column":47}},"24":{"start":{"line":25,"column":0},"end":{"line":25,"column":36}},"25":{"start":{"line":26,"column":0},"end":{"line":26,"column":46}},"26":{"start":{"line":27,"column":0},"end":{"line":27,"column":14}},"27":{"start":{"line":28,"column":0},"end":{"line":28,"column":72}},"28":{"start":{"line":29,"column":0},"end":{"line":29,"column":7}},"29":{"start":{"line":30,"column":0},"end":{"line":30,"column":12}},"30":{"start":{"line":31,"column":0},"end":{"line":31,"column":37}},"31":{"start":{"line":32,"column":0},"end":{"line":32,"column":34}},"32":{"start":{"line":33,"column":0},"end":{"line":33,"column":35}},"33":{"start":{"line":34,"column":0},"end":{"line":34,"column":26}},"34":{"start":{"line":35,"column":0},"end":{"line":35,"column":5}},"35":{"start":{"line":36,"column":0},"end":{"line":36,"column":5}},"36":{"start":{"line":37,"column":0},"end":{"line":37,"column":48}},"37":{"start":{"line":38,"column":0},"end":{"line":38,"column":22}},"38":{"start":{"line":39,"column":0},"end":{"line":39,"column":16}},"39":{"start":{"line":40,"column":0},"end":{"line":40,"column":2}}},"s":{"0":1,"1":1,"2":1,"3":1,"4":1,"5":1,"6":1,"7":1,"8":1,"9":1,"10":1,"11":1,"12":1,"13":1,"14":1,"15":1,"16":1,"17":1,"18":1,"19":1,"20":1,"21":5,"22":2,"23":2,"24":1,"25":1,"26":2,"27":5,"28":2,"29":3,"30":3,"31":1,"32":1,"33":1,"34":1,"35":1,"36":1,"37":1,"38":1,"39":1},"branchMap":{"0":{"type":"branch","line":1,"loc":{"start":{"line":1,"column":0},"end":{"line":37,"column":10}},"locations":[{"start":{"line":1,"column":0},"end":{"line":37,"column":10}}]},"1":{"type":"branch","line":1,"loc":{"start":{"line":1,"column":4},"end":{"line":37,"column":8}},"locations":[{"start":{"line":1,"column":4},"end":{"line":37,"column":8}}]},"2":{"type":"branch","line":7,"loc":{"start":{"line":7,"column":5},"end":{"line":8,"column":9}},"locations":[{"start":{"line":7,"column":5},"end":{"line":8,"column":9}}]},"3":{"type":"branch","line":21,"loc":{"start":{"line":21,"column":11},"end":{"line":32,"column":25}},"locations":[{"start":{"line":21,"column":11},"end":{"line":32,"column":25}}]},"4":{"type":"branch","line":22,"loc":{"start":{"line":22,"column":17},"end":{"line":22,"column":36}},"locations":[{"start":{"line":22,"column":17},"end":{"line":22,"column":36}}]},"5":{"type":"branch","line":23,"loc":{"start":{"line":23,"column":0},"end":{"line":28,"column":4}},"locations":[{"start":{"line":23,"column":0},"end":{"line":28,"column":4}}]},"6":{"type":"branch","line":24,"loc":{"start":{"line":24,"column":1},"end":{"line":27,"column":13}},"locations":[{"start":{"line":24,"column":1},"end":{"line":27,"column":13}}]},"7":{"type":"branch","line":28,"loc":{"start":{"line":28,"column":4},"end":{"line":32,"column":21}},"locations":[{"start":{"line":28,"column":4},"end":{"line":32,"column":21}}]},"8":{"type":"branch","line":28,"loc":{"start":{"line":28,"column":58},"end":{"line":30,"column":3}},"locations":[{"start":{"line":28,"column":58},"end":{"line":30,"column":3}}]},"9":{"type":"branch","line":31,"loc":{"start":{"line":31,"column":-1},"end":{"line":31,"column":25}},"locations":[{"start":{"line":31,"column":-1},"end":{"line":31,"column":25}}]}},"b":{"0":[1],"1":[1],"2":[0],"3":[5],"4":[4],"5":[2],"6":[1],"7":[3],"8":[2],"9":[1]},"fnMap":{"0":{"name":"default","decl":{"start":{"line":1,"column":4},"end":{"line":37,"column":8}},"loc":{"start":{"line":1,"column":4},"end":{"line":37,"column":8}},"line":1}},"f":{"0":1}}
}
