TN:
SF:index.js
FN:1,default
FNF:1
FNH:1
FNDA:1,default
DA:1,1
DA:2,1
DA:3,1
DA:4,1
DA:5,1
DA:6,1
DA:7,1
DA:8,1
DA:9,1
DA:10,1
DA:11,1
DA:12,1
DA:13,1
DA:14,1
DA:15,1
DA:16,1
DA:17,1
DA:18,1
DA:19,1
DA:20,1
DA:21,1
DA:22,5
DA:23,2
DA:24,2
DA:25,1
DA:26,1
DA:27,2
DA:28,5
DA:29,2
DA:30,3
DA:31,3
DA:32,1
DA:33,1
DA:34,1
DA:35,1
DA:36,1
DA:37,1
DA:38,1
DA:39,1
DA:40,1
LF:40
LH:40
BRDA:1,0,0,1
BRDA:1,1,0,1
BRDA:7,2,0,0
BRDA:21,3,0,5
BRDA:22,4,0,4
BRDA:23,5,0,2
BRDA:24,6,0,1
BRDA:28,7,0,3
BRDA:28,8,0,2
BRDA:31,9,0,1
BRF:10
BRH:9
end_of_record
